"Start of log file."
"C:/Users/ADMINI~1/DOCUME~1/GitHub/Asato/Asato/Assets/Art/Models/Weapons/Guns/GUYMAX.max"
"Starting max loading and fbx conversion"
window = undefined
"Settings units"
"Before fbx export"
"After fbx export"
"Finished max loading and fbx conversion"
"C:/Users/ADMINI~1/DOCUME~1/GitHub/Asato/Asato/Assets/Art/Models/CHARAC~1/Mei/D0406044.max"
"Starting max loading and fbx conversion"
window = undefined
"Settings units"
"Before fbx export"
"After fbx export"
"Finished max loading and fbx conversion"
"C:/Users/ADMINI~1/DOCUME~1/GitHub/Asato/Asato/Assets/Models/Earth/earth.max"
"Starting max loading and fbx conversion"
window = undefined
"Settings units"
"Before fbx export"
"After fbx export"
"Finished max loading and fbx conversion"
"C:/Users/ADMINI~1/DOCUME~1/GitHub/Asato/Asato/Assets/Models/CHARAC~1/Mei/D0406044.max"
"Starting max loading and fbx conversion"
window = undefined
"Settings units"
"Before fbx export"
"After fbx export"
"Finished max loading and fbx conversion"
